H:\ART\ART71\DEBUG\ART ADMINISTRATOR.PCH
H:\ART\ART71\DEBUG\STDAFX.OBJ
H:\ART\ART71\DEBUG\VC110.PDB
H:\ART\ART71\DEBUG\COMP.OBJ
H:\ART\ART71\DEBUG\DATADEFINE.OBJ
H:\ART\ART71\DEBUG\DEVICE.OBJ
H:\ART\ART71\DEBUG\DEVMANAGER.OBJ
H:\ART\ART71\DEBUG\DMDCP.OBJ
H:\ART\ART71\DEBUG\ENTABCTRL.OBJ
H:\ART\ART71\DEBUG\LABEL.OBJ
H:\ART\ART71\DEBUG\LOG.OBJ
H:\ART\ART71\DEBUG\LOGMANAGER.OBJ
H:\ART\ART71\DEBUG\MAINFRM.OBJ
H:\ART\ART71\DEBUG\NETSCANENGINE.OBJ
H:\ART\ART71\DEBUG\PORT.OBJ
H:\ART\ART71\DEBUG\PORTCHANNEL.OBJ
H:\ART\ART71\DEBUG\REALCOMPORTMODE.OBJ
H:\ART\ART71\DEBUG\TCPCLIENTPORTMODE.OBJ
H:\ART\ART71\DEBUG\TCPSERVERPORTMODE.OBJ
H:\ART\ART71\DEBUG\TLV.OBJ
H:\ART\ART71\DEBUG\UDPPORTMODE.OBJ
H:\ART\ART71\DEBUG\XEVENT.OBJ
H:\ART\ART71\DEBUG\XSOCKET.OBJ
H:\ART\ART71\DEBUG\ARTDLGPORTCHANNEL.OBJ
H:\ART\ART71\DEBUG\ARTDOC.OBJ
H:\ART\ART71\DEBUG\ARTLOG.OBJ
H:\ART\ART71\DEBUG\ARTMONITOR.OBJ
H:\ART\ART71\DEBUG\ARTMONITORLOG.OBJ
H:\ART\ART71\DEBUG\ARTMONITORTASK.OBJ
H:\ART\ART71\DEBUG\ARTMSGLOG.OBJ
H:\ART\ART71\DEBUG\ARTPORTMONITOR.OBJ
H:\ART\ART71\DEBUG\ARTPORTPAGE.OBJ
H:\ART\ART71\DEBUG\ARTSEARCHDLG.OBJ
H:\ART\ART71\DEBUG\ARTSEARCHIPDLG.OBJ
H:\ART\ART71\DEBUG\ARTSEARCHIPMASKDLG.OBJ
H:\ART\ART71\DEBUG\ARTSEARCHIPRANGE.OBJ
H:\ART\ART71\DEBUG\ARTTASKVIEW.OBJ
H:\ART\ART71\DEBUG\ARTUITHREAD.OBJ
H:\ART\ART71\DEBUG\ARTVIEW.OBJ
H:\ART\ART71\DEBUG\BASETABCTRL.OBJ
H:\ART\ART71\DEBUG\CHANNELSTATISTICS.OBJ
H:\ART\ART71\DEBUG\COMM.OBJ
H:\ART\ART71\DEBUG\COMMONFUNC.OBJ
H:\ART\ART71\DEBUG\ART.OBJ
H:\ART\ART71\DEBUG\ARTBASICPAGE.OBJ
H:\ART\ART71\DEBUG\ARTCHANNELCONFIG.OBJ
H:\ART\ART71\DEBUG\ARTCOMCONSOLE.OBJ
H:\ART\ART71\DEBUG\ARTCOMMAPPING.OBJ
H:\ART\ART71\DEBUG\ARTCOMPORTPARACONFIGDLG.OBJ
H:\ART\ART71\DEBUG\ARTCONFIGDLG.OBJ
H:\ART\ART71\DEBUG\ARTCONFIGVIEW.OBJ
H:\ART\ART71\DEBUG\ARTDEVSEARCHTASK.OBJ
H:\ART\ART71\DEBUG\ARTDLGMONITOR.OBJ
H:\ART\ART71\DEBUG\ART ADMINISTRATOR.ILK
H:\ART\ART71\DEBUG\ART ADMINISTRATOR.EXE
H:\ART\ART71\DEBUG\ART ADMINISTRATOR.PDB
H:\ART\ART71\DEBUG\ART.RES
H:\Art\ART71\Debug\ART.obj
H:\Art\ART71\Debug\ARTBasicPage.obj
H:\Art\ART71\Debug\ARTChannelConfig.obj
H:\Art\ART71\Debug\ARTCOMConsole.obj
H:\Art\ART71\Debug\ARTCOMMapping.obj
H:\Art\ART71\Debug\ARTCOMPortParaConfigDlg.obj
H:\Art\ART71\Debug\ARTConfigDlg.obj
H:\Art\ART71\Debug\ARTConfigView.obj
H:\Art\ART71\Debug\ARTDevSearchTask.obj
H:\Art\ART71\Debug\ARTDlgMonitor.obj
H:\Art\ART71\Debug\ARTDlgPortChannel.obj
H:\Art\ART71\Debug\ARTDoc.obj
H:\Art\ART71\Debug\ARTLog.obj
H:\Art\ART71\Debug\ARTMonitor.obj
H:\Art\ART71\Debug\ARTMonitorLog.obj
H:\Art\ART71\Debug\ARTMonitorTask.obj
H:\Art\ART71\Debug\ARTMsgLog.obj
H:\Art\ART71\Debug\ARTPortMonitor.obj
H:\Art\ART71\Debug\ARTPortPage.obj
H:\Art\ART71\Debug\ARTSearchDlg.obj
H:\Art\ART71\Debug\ARTSearchIPDlg.obj
H:\Art\ART71\Debug\ARTSearchIPMaskDlg.obj
H:\Art\ART71\Debug\ARTSearchIPRange.obj
H:\Art\ART71\Debug\ARTTaskView.obj
H:\Art\ART71\Debug\ARTUIThread.obj
H:\Art\ART71\Debug\ARTView.obj
H:\Art\ART71\Debug\BaseTabCtrl.obj
H:\Art\ART71\Debug\ChannelStatistics.obj
H:\Art\ART71\Debug\COMM.obj
H:\Art\ART71\Debug\CommonFunc.obj
H:\Art\ART71\Debug\COMP.obj
H:\Art\ART71\Debug\DataDefine.obj
H:\Art\ART71\Debug\Device.obj
H:\Art\ART71\Debug\DevManager.obj
H:\Art\ART71\Debug\Dmdcp.obj
H:\Art\ART71\Debug\EnTabCtrl.obj
H:\Art\ART71\Debug\LABEL.obj
H:\Art\ART71\Debug\Log.obj
H:\Art\ART71\Debug\LogManager.obj
H:\Art\ART71\Debug\MainFrm.obj
H:\Art\ART71\Debug\NetScanEngine.obj
H:\Art\ART71\Debug\Port.obj
H:\Art\ART71\Debug\PortChannel.obj
H:\Art\ART71\Debug\RealCOMPortMode.obj
H:\Art\ART71\Debug\stdafx.obj
H:\Art\ART71\Debug\TCPClientPortMode.obj
H:\Art\ART71\Debug\TCPServerPortMode.obj
H:\Art\ART71\Debug\Tlv.obj
H:\Art\ART71\Debug\UDPPortMode.obj
H:\Art\ART71\Debug\XEvent.obj
H:\Art\ART71\Debug\XSocket.obj
H:\Art\ART71\Debug\ART Administrator.ilk
H:\Art\ART71\Debug\cl.command.1.tlog
H:\Art\ART71\Debug\CL.read.1.tlog
H:\Art\ART71\Debug\CL.write.1.tlog
H:\Art\ART71\Debug\link-cvtres.read.1.tlog
H:\Art\ART71\Debug\link-cvtres.write.1.tlog
H:\Art\ART71\Debug\link-mt.read.1.tlog
H:\Art\ART71\Debug\link-mt.write.1.tlog
H:\Art\ART71\Debug\link-rc.read.1.tlog
H:\Art\ART71\Debug\link-rc.write.1.tlog
H:\Art\ART71\Debug\link.command.1.tlog
H:\Art\ART71\Debug\link.read.1.tlog
H:\Art\ART71\Debug\link.write.1.tlog
H:\Art\ART71\Debug\rc.command.1.tlog
H:\Art\ART71\Debug\rc.read.1.tlog
H:\Art\ART71\Debug\rc.write.1.tlog
H:\Art\ART71\Debug\ART.res
H:\Art\ART71\Debug\ART Administrator.pch
H:\Art\ART71\Debug\vc110.idb
H:\Art\ART71\Debug\ART Administrator.pdb
H:\Art\ART71\Debug\vc110.pdb
H:\Art\ART71\Debug\ART Administrator.exe
